<?xml version="1.0" encoding="UTF-8"?>
<!-- Generated by org.testng.reporters.JUnitReportReporter -->
<testsuite hostname="DESKTOP-V4E15R0" failures="0" tests="2" name="com.herokuapp.theinternet.NegativeTests" time="19.890" errors="0" timestamp="09 Jul 2021 10:53:51 GMT" skipped="0">
  <testcase classname="com.herokuapp.theinternet.NegativeTests" name="InvalidloginTest" time="9.302"/>
  <testcase classname="com.herokuapp.theinternet.NegativeTests" name="InvalidPasswordTest" time="10.588"/>
</testsuite> <!-- com.herokuapp.theinternet.NegativeTests -->
