<?xml version="1.0" encoding="UTF-8"?>
<!-- Generated by org.testng.reporters.JUnitReportReporter -->
<testsuite hostname="DESKTOP-V4E15R0" failures="0" tests="1" name="com.herokuapp.theinternet.PositiveTests" time="10.178" errors="0" timestamp="09 Jul 2021 10:53:51 GMT" skipped="0">
  <testcase classname="com.herokuapp.theinternet.PositiveTests" name="loginTest" time="10.178"/>
</testsuite> <!-- com.herokuapp.theinternet.PositiveTests -->
